#
# There is insufficient memory for the Java Runtime Environment to continue.
# Native memory allocation (mmap) failed to map 22020096 bytes for G1 virtual space
# Possible reasons:
#   The system is out of physical RAM or swap space
#   The process is running with CompressedOops enabled, and the Java Heap may be blocking the growth of the native heap
# Possible solutions:
#   Reduce memory load on the system
#   Increase physical memory or swap space
#   Check if swap backing store is full
#   Decrease Java heap size (-Xmx/-Xms)
#   Decrease number of Java threads
#   Decrease Java thread stack sizes (-Xss)
#   Set larger code cache with -XX:ReservedCodeCacheSize=
#   JVM is running with Unscaled Compressed Oops mode in which the Java heap is
#     placed in the first 4GB address space. The Java Heap base address is the
#     maximum limit for the native heap growth. Please use -XX:HeapBaseMinAddress
#     to set the Java Heap base and to place the Java Heap above 4GB virtual address.
# This output file may be truncated or incomplete.
#
#  Out of Memory Error (os_windows.cpp:3532), pid=13772, tid=13556
#
# JRE version: Java(TM) SE Runtime Environment (17.0.2+8) (build 17.0.2+8-LTS-86)
# Java VM: Java HotSpot(TM) 64-Bit Server VM (17.0.2+8-LTS-86, mixed mode, emulated-client, sharing, tiered, compressed oops, compressed class ptrs, g1 gc, windows-amd64)
# No core dump will be written. Minidumps are not enabled by default on client versions of Windows
#

---------------  S U M M A R Y ------------

Command Line: -XX:TieredStopAtLevel=1 -Xverify:none -Dspring.output.ansi.enabled=always -Dcom.sun.management.jmxremote -Dspring.jmx.enabled=true -Dspring.liveBeansView.mbeanDomain -Dspring.application.admin.enabled=true -javaagent:D:\java-software\IntelliJ IDEA 2022.1.2\lib\idea_rt.jar=64374:D:\java-software\IntelliJ IDEA 2022.1.2\bin -Dfile.encoding=UTF-8 com.cj.studycirclebackend.StudyCircleBackendApplication

Host: Intel(R) Core(TM) i5-8265U CPU @ 1.60GHz, 8 cores, 7G,  Windows 11 , 64 bit Build 22000 (10.0.22000.2124)
Time: Fri Jul 28 01:15:26 2023  Windows 11 , 64 bit Build 22000 (10.0.22000.2124) elapsed time: 7.988342 seconds (0d 0h 0m 7s)

---------------  T H R E A D  ---------------

Current thread (0x000001cee9990950):  VMThread "VM Thread" [stack: 0x000000b2c0b00000,0x000000b2c0c00000] [id=13556]

Stack: [0x000000b2c0b00000,0x000000b2c0c00000]
Native frames: (J=compiled Java code, j=interpreted, Vv=VM code, C=native code)
V  [jvm.dll+0x670baa]
V  [jvm.dll+0x7cfcb4]
V  [jvm.dll+0x7d145e]
V  [jvm.dll+0x7d1ac3]
V  [jvm.dll+0x242bc5]
V  [jvm.dll+0x66dac9]
V  [jvm.dll+0x662412]
V  [jvm.dll+0x300c0b]
V  [jvm.dll+0x3081a6]
V  [jvm.dll+0x357d0e]
V  [jvm.dll+0x357f3f]
V  [jvm.dll+0x2d7ec8]
V  [jvm.dll+0x2d6194]
V  [jvm.dll+0x2d579c]
V  [jvm.dll+0x3190eb]
V  [jvm.dll+0x7d5f9b]
V  [jvm.dll+0x7d6cd4]
V  [jvm.dll+0x7d71ec]
V  [jvm.dll+0x7d75c4]
V  [jvm.dll+0x7d7690]
V  [jvm.dll+0x77ff7a]
V  [jvm.dll+0x66fa35]
C  [ucrtbase.dll+0x26c0c]
C  [KERNEL32.DLL+0x155a0]
C  [ntdll.dll+0x485b]

VM_Operation (0x000000b2c05fc9b0): G1CollectForAllocation, mode: safepoint, requested by thread 0x000001ced7bbcb20


---------------  P R O C E S S  ---------------

Threads class SMR info:
_java_thread_list=0x000001ceee9bee30, length=32, elements={
0x000001ced7bbcb20, 0x000001cee9997210, 0x000001cee9997ad0, 0x000001cee99b2260,
0x000001cee99b6b30, 0x000001ced59ab4e0, 0x000001ced59ad1c0, 0x000001cee99bb180,
0x000001cee99c3a90, 0x000001ced59ac820, 0x000001ceea4a4290, 0x000001ced59ab010,
0x000001ced59aa670, 0x000001ced59abe80, 0x000001ced59ac350, 0x000001ced59accf0,
0x000001ceeaf9e8b0, 0x000001ceeaf9d470, 0x000001ceec91ed80, 0x000001ceec91fbf0,
0x000001ceec91d570, 0x000001ceec923f50, 0x000001ceec924420, 0x000001ceec920f30,
0x000001ceec9248f0, 0x000001ceec91d0a0, 0x000001ceec9235b0, 0x000001ceec921da0,
0x000001ceec91f250, 0x000001ceec923a80, 0x000001ceec91f720, 0x000001ceec91df10
}

Java Threads: ( => current thread )
  0x000001ced7bbcb20 JavaThread "main" [_thread_blocked, id=2348, stack(0x000000b2c0500000,0x000000b2c0600000)]
  0x000001cee9997210 JavaThread "Reference Handler" daemon [_thread_blocked, id=8048, stack(0x000000b2c0c00000,0x000000b2c0d00000)]
  0x000001cee9997ad0 JavaThread "Finalizer" daemon [_thread_blocked, id=14028, stack(0x000000b2c0d00000,0x000000b2c0e00000)]
  0x000001cee99b2260 JavaThread "Signal Dispatcher" daemon [_thread_blocked, id=8768, stack(0x000000b2c0e00000,0x000000b2c0f00000)]
  0x000001cee99b6b30 JavaThread "Attach Listener" daemon [_thread_blocked, id=748, stack(0x000000b2c0f00000,0x000000b2c1000000)]
  0x000001ced59ab4e0 JavaThread "Service Thread" daemon [_thread_blocked, id=20308, stack(0x000000b2c1000000,0x000000b2c1100000)]
  0x000001ced59ad1c0 JavaThread "Monitor Deflation Thread" daemon [_thread_blocked, id=17088, stack(0x000000b2c1100000,0x000000b2c1200000)]
  0x000001cee99bb180 JavaThread "C1 CompilerThread0" daemon [_thread_blocked, id=18788, stack(0x000000b2c1200000,0x000000b2c1300000)]
  0x000001cee99c3a90 JavaThread "Sweeper thread" daemon [_thread_blocked, id=9604, stack(0x000000b2c1300000,0x000000b2c1400000)]
  0x000001ced59ac820 JavaThread "Common-Cleaner" daemon [_thread_blocked, id=18408, stack(0x000000b2c1400000,0x000000b2c1500000)]
  0x000001ceea4a4290 JavaThread "C1 CompilerThread1" daemon [_thread_blocked, id=4436, stack(0x000000b2c1500000,0x000000b2c1600000)]
  0x000001ced59ab010 JavaThread "Monitor Ctrl-Break" daemon [_thread_in_native, id=7508, stack(0x000000b2c1600000,0x000000b2c1700000)]
  0x000001ced59aa670 JavaThread "Notification Thread" daemon [_thread_blocked, id=4848, stack(0x000000b2c1700000,0x000000b2c1800000)]
  0x000001ced59abe80 JavaThread "RMI TCP Accept-0" daemon [_thread_in_native, id=16608, stack(0x000000b2c1800000,0x000000b2c1900000)]
  0x000001ced59ac350 JavaThread "RMI TCP Connection(1)-192.168.0.102" daemon [_thread_in_native, id=16832, stack(0x000000b2c2300000,0x000000b2c2400000)]
  0x000001ced59accf0 JavaThread "RMI Scheduler(0)" daemon [_thread_blocked, id=19340, stack(0x000000b2c2400000,0x000000b2c2500000)]
  0x000001ceeaf9e8b0 JavaThread "C1 CompilerThread2" daemon [_thread_blocked, id=8580, stack(0x000000b2c2600000,0x000000b2c2700000)]
  0x000001ceeaf9d470 JavaThread "C1 CompilerThread3" daemon [_thread_blocked, id=7640, stack(0x000000b2c2700000,0x000000b2c2800000)]
  0x000001ceec91ed80 JavaThread "Catalina-utility-1" [_thread_blocked, id=7020, stack(0x000000b2c2800000,0x000000b2c2900000)]
  0x000001ceec91fbf0 JavaThread "Catalina-utility-2" [_thread_blocked, id=12268, stack(0x000000b2c2900000,0x000000b2c2a00000)]
  0x000001ceec91d570 JavaThread "container-0" [_thread_blocked, id=10608, stack(0x000000b2c2a00000,0x000000b2c2b00000)]
  0x000001ceec923f50 JavaThread "lettuce-timer-3-1" daemon [_thread_blocked, id=2228, stack(0x000000b2c2b00000,0x000000b2c2c00000)]
  0x000001ceec924420 JavaThread "mysql-cj-abandoned-connection-cleanup" daemon [_thread_blocked, id=15492, stack(0x000000b2c2c00000,0x000000b2c2d00000)]
  0x000001ceec920f30 JavaThread "pool-3-thread-1" [_thread_in_native, id=1216, stack(0x000000b2c2d00000,0x000000b2c2e00000)]
  0x000001ceec9248f0 JavaThread "I/O dispatcher 1" [_thread_in_native, id=15008, stack(0x000000b2c2e00000,0x000000b2c2f00000)]
  0x000001ceec91d0a0 JavaThread "I/O dispatcher 2" [_thread_in_native, id=344, stack(0x000000b2c2f00000,0x000000b2c3000000)]
  0x000001ceec9235b0 JavaThread "I/O dispatcher 3" [_thread_in_native, id=11160, stack(0x000000b2c3000000,0x000000b2c3100000)]
  0x000001ceec921da0 JavaThread "I/O dispatcher 4" [_thread_in_native, id=17756, stack(0x000000b2c3100000,0x000000b2c3200000)]
  0x000001ceec91f250 JavaThread "I/O dispatcher 5" [_thread_in_native, id=16056, stack(0x000000b2c3200000,0x000000b2c3300000)]
  0x000001ceec923a80 JavaThread "I/O dispatcher 6" [_thread_in_native, id=18148, stack(0x000000b2c3300000,0x000000b2c3400000)]
  0x000001ceec91f720 JavaThread "I/O dispatcher 7" [_thread_in_native, id=21920, stack(0x000000b2c3400000,0x000000b2c3500000)]
  0x000001ceec91df10 JavaThread "I/O dispatcher 8" [_thread_in_native, id=13948, stack(0x000000b2c3500000,0x000000b2c3600000)]

Other Threads:
=>0x000001cee9990950 VMThread "VM Thread" [stack: 0x000000b2c0b00000,0x000000b2c0c00000] [id=13556]
  0x000001ced7c15ec0 WatcherThread [stack: 0x000000b2c1900000,0x000000b2c1a00000] [id=10612]
  0x000001ced7bfdc90 GCTaskThread "GC Thread#0" [stack: 0x000000b2c0600000,0x000000b2c0700000] [id=3932]
  0x000001ceeaa9bbc0 GCTaskThread "GC Thread#1" [stack: 0x000000b2c1a00000,0x000000b2c1b00000] [id=5216]
  0x000001ceeae86f50 GCTaskThread "GC Thread#2" [stack: 0x000000b2c1b00000,0x000000b2c1c00000] [id=16160]
  0x000001ceeae6b6a0 GCTaskThread "GC Thread#3" [stack: 0x000000b2c1c00000,0x000000b2c1d00000] [id=6416]
  0x000001ceeaead9f0 GCTaskThread "GC Thread#4" [stack: 0x000000b2c1d00000,0x000000b2c1e00000] [id=15816]
  0x000001ceeaeadca0 GCTaskThread "GC Thread#5" [stack: 0x000000b2c1e00000,0x000000b2c1f00000] [id=13132]
  0x000001ceeaeae360 GCTaskThread "GC Thread#6" [stack: 0x000000b2c1f00000,0x000000b2c2000000] [id=21684]
  0x000001ceeaeae610 GCTaskThread "GC Thread#7" [stack: 0x000000b2c2000000,0x000000b2c2100000] [id=16232]
  0x000001ced7c0e580 ConcurrentGCThread "G1 Main Marker" [stack: 0x000000b2c0700000,0x000000b2c0800000] [id=12844]
  0x000001ced7c0f540 ConcurrentGCThread "G1 Conc#0" [stack: 0x000000b2c0800000,0x000000b2c0900000] [id=11240]
  0x000001ceec689300 ConcurrentGCThread "G1 Conc#1" [stack: 0x000000b2c2500000,0x000000b2c2600000] [id=13332]
  0x000001cee9847100 ConcurrentGCThread "G1 Refine#0" [stack: 0x000000b2c0900000,0x000000b2c0a00000] [id=1012]
  0x000001ceea611410 ConcurrentGCThread "G1 Refine#1" [stack: 0x000000b2c2100000,0x000000b2c2200000] [id=20840]
  0x000001ceeaa0e500 ConcurrentGCThread "G1 Refine#2" [stack: 0x000000b2c2200000,0x000000b2c2300000] [id=10512]
  0x000001cee98487e0 ConcurrentGCThread "G1 Service" [stack: 0x000000b2c0a00000,0x000000b2c0b00000] [id=5996]

Threads with active compile tasks:

VM state: at safepoint (normal execution)

VM Mutex/Monitor currently owned by a thread:  ([mutex/lock_event])
[0x000001ced7bb90a0] Threads_lock - owner thread: 0x000001cee9990950
[0x000001ced7bb9130] Heap_lock - owner thread: 0x000001ced7bbcb20

Heap address: 0x0000000082e00000, size: 2002 MB, Compressed Oops mode: 32-bit

CDS archive(s) mapped at: [0x0000000800000000-0x0000000800bc0000-0x0000000800bc0000), size 12320768, SharedBaseAddress: 0x0000000800000000, ArchiveRelocationMode: 0.
Compressed class space mapped at: 0x0000000800c00000-0x0000000840c00000, reserved size: 1073741824
Narrow klass base: 0x0000000800000000, Narrow klass shift: 0, Narrow klass range: 0x100000000

GC Precious Log:
 CPUs: 8 total, 8 available
 Memory: 8006M
 Large Page Support: Disabled
 NUMA Support: Disabled
 Compressed Oops: Enabled (32-bit)
 Heap Region Size: 1M
 Heap Min Capacity: 8M
 Heap Initial Capacity: 126M
 Heap Max Capacity: 2002M
 Pre-touch: Disabled
 Parallel Workers: 8
 Concurrent Workers: 2
 Concurrent Refinement Workers: 8
 Periodic GC: Disabled

Heap:
 garbage-first heap   total 103424K, used 36386K [0x0000000082e00000, 0x0000000100000000)
  region size 1024K, 5 young (5120K), 5 survivors (5120K)
 Metaspace       used 46281K, committed 46784K, reserved 1089536K
  class space    used 6088K, committed 6336K, reserved 1048576K

Heap Regions: E=young(eden), S=young(survivor), O=old, HS=humongous(starts), HC=humongous(continues), CS=collection set, F=free, OA=open archive, CA=closed archive, TAMS=top-at-mark-start (previous, next)
|   0|0x0000000082e00000, 0x0000000082f00000, 0x0000000082f00000|100%|HS|  |TAMS 0x0000000082f00000, 0x0000000082e00000| Complete 
|   1|0x0000000082f00000, 0x0000000083000000, 0x0000000083000000|100%| O|  |TAMS 0x0000000083000000, 0x0000000082f00000| Untracked 
|   2|0x0000000083000000, 0x0000000083100000, 0x0000000083100000|100%| O|  |TAMS 0x0000000083100000, 0x0000000083000000| Untracked 
|   3|0x0000000083100000, 0x0000000083200000, 0x0000000083200000|100%| O|  |TAMS 0x0000000083200000, 0x0000000083100000| Untracked 
|   4|0x0000000083200000, 0x0000000083300000, 0x0000000083300000|100%| O|  |TAMS 0x0000000083300000, 0x0000000083200000| Untracked 
|   5|0x0000000083300000, 0x0000000083400000, 0x0000000083400000|100%| O|  |TAMS 0x0000000083400000, 0x0000000083300000| Untracked 
|   6|0x0000000083400000, 0x0000000083500000, 0x0000000083500000|100%| O|  |TAMS 0x0000000083500000, 0x0000000083400000| Untracked 
|   7|0x0000000083500000, 0x0000000083600000, 0x0000000083600000|100%| O|  |TAMS 0x0000000083600000, 0x0000000083500000| Untracked 
|   8|0x0000000083600000, 0x0000000083700000, 0x0000000083700000|100%| O|  |TAMS 0x0000000083700000, 0x0000000083600000| Untracked 
|   9|0x0000000083700000, 0x0000000083800000, 0x0000000083800000|100%| O|  |TAMS 0x0000000083800000, 0x0000000083700000| Untracked 
|  10|0x0000000083800000, 0x0000000083900000, 0x0000000083900000|100%| O|  |TAMS 0x0000000083900000, 0x0000000083800000| Untracked 
|  11|0x0000000083900000, 0x0000000083a00000, 0x0000000083a00000|100%| O|  |TAMS 0x0000000083900000, 0x0000000083900000| Untracked 
|  12|0x0000000083a00000, 0x0000000083b00000, 0x0000000083b00000|100%| O|  |TAMS 0x0000000083b00000, 0x0000000083a00000| Untracked 
|  13|0x0000000083b00000, 0x0000000083c00000, 0x0000000083c00000|100%| O|  |TAMS 0x0000000083c00000, 0x0000000083b00000| Untracked 
|  14|0x0000000083c00000, 0x0000000083d00000, 0x0000000083d00000|100%| O|  |TAMS 0x0000000083d00000, 0x0000000083c00000| Untracked 
|  15|0x0000000083d00000, 0x0000000083e00000, 0x0000000083e00000|100%| O|  |TAMS 0x0000000083e00000, 0x0000000083d00000| Untracked 
|  16|0x0000000083e00000, 0x0000000083f00000, 0x0000000083f00000|100%| O|  |TAMS 0x0000000083f00000, 0x0000000083e00000| Untracked 
|  17|0x0000000083f00000, 0x0000000084000000, 0x0000000084000000|100%| O|  |TAMS 0x0000000084000000, 0x0000000083f00000| Untracked 
|  18|0x0000000084000000, 0x0000000084100000, 0x0000000084100000|100%| O|  |TAMS 0x0000000084100000, 0x0000000084000000| Untracked 
|  19|0x0000000084100000, 0x000000008413ba00, 0x0000000084200000| 23%| O|  |TAMS 0x000000008413ba00, 0x0000000084100000| Untracked 
|  20|0x0000000084200000, 0x0000000084300000, 0x0000000084300000|100%| O|  |TAMS 0x0000000084200000, 0x0000000084200000| Untracked 
|  21|0x0000000084300000, 0x0000000084400000, 0x0000000084400000|100%| O|  |TAMS 0x0000000084300000, 0x0000000084300000| Untracked 
|  22|0x0000000084400000, 0x0000000084500000, 0x0000000084500000|100%| O|  |TAMS 0x0000000084400000, 0x0000000084400000| Untracked 
|  23|0x0000000084500000, 0x0000000084600000, 0x0000000084600000|100%| O|  |TAMS 0x0000000084500000, 0x0000000084500000| Untracked 
|  24|0x0000000084600000, 0x0000000084700000, 0x0000000084700000|100%| O|  |TAMS 0x0000000084600000, 0x0000000084600000| Untracked 
|  25|0x0000000084700000, 0x0000000084800000, 0x0000000084800000|100%| O|  |TAMS 0x0000000084700000, 0x0000000084700000| Untracked 
|  26|0x0000000084800000, 0x0000000084900000, 0x0000000084900000|100%| O|  |TAMS 0x0000000084800000, 0x0000000084800000| Untracked 
|  27|0x0000000084900000, 0x0000000084a00000, 0x0000000084a00000|100%| O|  |TAMS 0x0000000084900000, 0x0000000084900000| Untracked 
|  28|0x0000000084a00000, 0x0000000084b00000, 0x0000000084b00000|100%| O|  |TAMS 0x0000000084a00000, 0x0000000084a00000| Untracked 
|  29|0x0000000084b00000, 0x0000000084c00000, 0x0000000084c00000|100%| O|  |TAMS 0x0000000084b00000, 0x0000000084b00000| Untracked 
|  30|0x0000000084c00000, 0x0000000084d00000, 0x0000000084d00000|100%| O|  |TAMS 0x0000000084c00000, 0x0000000084c00000| Untracked 
|  31|0x0000000084d00000, 0x0000000084e00000, 0x0000000084e00000|100%| O|  |TAMS 0x0000000084d00000, 0x0000000084d00000| Untracked 
|  32|0x0000000084e00000, 0x0000000084e10400, 0x0000000084f00000|  6%| O|  |TAMS 0x0000000084e00000, 0x0000000084e00000| Untracked 
|  33|0x0000000084f00000, 0x0000000084f00000, 0x0000000085000000|  0%| F|  |TAMS 0x0000000084f00000, 0x0000000084f00000| Untracked 
|  34|0x0000000085000000, 0x0000000085000000, 0x0000000085100000|  0%| F|  |TAMS 0x0000000085000000, 0x0000000085000000| Untracked 
|  35|0x0000000085100000, 0x0000000085100000, 0x0000000085200000|  0%| F|  |TAMS 0x0000000085100000, 0x0000000085100000| Untracked 
|  36|0x0000000085200000, 0x0000000085200000, 0x0000000085300000|  0%| F|  |TAMS 0x0000000085200000, 0x0000000085200000| Untracked 
|  37|0x0000000085300000, 0x0000000085300000, 0x0000000085400000|  0%| F|  |TAMS 0x0000000085300000, 0x0000000085300000| Untracked 
|  38|0x0000000085400000, 0x0000000085400000, 0x0000000085500000|  0%| F|  |TAMS 0x0000000085400000, 0x0000000085400000| Untracked 
|  39|0x0000000085500000, 0x0000000085500000, 0x0000000085600000|  0%| F|  |TAMS 0x0000000085500000, 0x0000000085500000| Untracked 
|  40|0x0000000085600000, 0x0000000085600000, 0x0000000085700000|  0%| F|  |TAMS 0x0000000085600000, 0x0000000085600000| Untracked 
|  41|0x0000000085700000, 0x0000000085700000, 0x0000000085800000|  0%| F|  |TAMS 0x0000000085700000, 0x0000000085700000| Untracked 
|  42|0x0000000085800000, 0x0000000085800000, 0x0000000085900000|  0%| F|  |TAMS 0x0000000085800000, 0x0000000085800000| Untracked 
|  43|0x0000000085900000, 0x0000000085900000, 0x0000000085a00000|  0%| F|  |TAMS 0x0000000085900000, 0x0000000085900000| Untracked 
|  44|0x0000000085a00000, 0x0000000085a3cdf0, 0x0000000085b00000| 23%| S|CS|TAMS 0x0000000085a00000, 0x0000000085a00000| Complete 
|  45|0x0000000085b00000, 0x0000000085b00000, 0x0000000085c00000|  0%| F|  |TAMS 0x0000000085b00000, 0x0000000085b00000| Untracked 
|  46|0x0000000085c00000, 0x0000000085c00000, 0x0000000085d00000|  0%| F|  |TAMS 0x0000000085c00000, 0x0000000085c00000| Untracked 
|  47|0x0000000085d00000, 0x0000000085d00000, 0x0000000085e00000|  0%| F|  |TAMS 0x0000000085d00000, 0x0000000085d00000| Untracked 
|  48|0x0000000085e00000, 0x0000000085e00000, 0x0000000085f00000|  0%| F|  |TAMS 0x0000000085e00000, 0x0000000085e00000| Untracked 
|  49|0x0000000085f00000, 0x0000000085f00000, 0x0000000086000000|  0%| F|  |TAMS 0x0000000085f00000, 0x0000000085f00000| Untracked 
|  50|0x0000000086000000, 0x0000000086000000, 0x0000000086100000|  0%| F|  |TAMS 0x0000000086000000, 0x0000000086000000| Untracked 
|  51|0x0000000086100000, 0x0000000086200000, 0x0000000086200000|100%| S|CS|TAMS 0x0000000086100000, 0x0000000086100000| Complete 
|  52|0x0000000086200000, 0x0000000086300000, 0x0000000086300000|100%| S|CS|TAMS 0x0000000086200000, 0x0000000086200000| Complete 
|  53|0x0000000086300000, 0x0000000086400000, 0x0000000086400000|100%| S|CS|TAMS 0x0000000086300000, 0x0000000086300000| Complete 
|  54|0x0000000086400000, 0x0000000086500000, 0x0000000086500000|100%| S|CS|TAMS 0x0000000086400000, 0x0000000086400000| Complete 
|  55|0x0000000086500000, 0x0000000086500000, 0x0000000086600000|  0%| F|  |TAMS 0x0000000086500000, 0x0000000086500000| Untracked 
|  56|0x0000000086600000, 0x0000000086600000, 0x0000000086700000|  0%| F|  |TAMS 0x0000000086600000, 0x0000000086600000| Untracked 
|  57|0x0000000086700000, 0x0000000086700000, 0x0000000086800000|  0%| F|  |TAMS 0x0000000086700000, 0x0000000086700000| Untracked 
|  58|0x0000000086800000, 0x0000000086800000, 0x0000000086900000|  0%| F|  |TAMS 0x0000000086800000, 0x0000000086800000| Untracked 
|  59|0x0000000086900000, 0x0000000086900000, 0x0000000086a00000|  0%| F|  |TAMS 0x0000000086900000, 0x0000000086900000| Untracked 
|  60|0x0000000086a00000, 0x0000000086a00000, 0x0000000086b00000|  0%| F|  |TAMS 0x0000000086a00000, 0x0000000086a00000| Untracked 
|  61|0x0000000086b00000, 0x0000000086b00000, 0x0000000086c00000|  0%| F|  |TAMS 0x0000000086b00000, 0x0000000086b00000| Untracked 
|  62|0x0000000086c00000, 0x0000000086c00000, 0x0000000086d00000|  0%| F|  |TAMS 0x0000000086c00000, 0x0000000086c00000| Untracked 
|  63|0x0000000086d00000, 0x0000000086d00000, 0x0000000086e00000|  0%| F|  |TAMS 0x0000000086d00000, 0x0000000086d00000| Untracked 
|  64|0x0000000086e00000, 0x0000000086e00000, 0x0000000086f00000|  0%| F|  |TAMS 0x0000000086e00000, 0x0000000086e00000| Untracked 
|  65|0x0000000086f00000, 0x0000000086f00000, 0x0000000087000000|  0%| F|  |TAMS 0x0000000086f00000, 0x0000000086f00000| Untracked 
|  66|0x0000000087000000, 0x0000000087000000, 0x0000000087100000|  0%| F|  |TAMS 0x0000000087000000, 0x0000000087000000| Untracked 
|  67|0x0000000087100000, 0x0000000087100000, 0x0000000087200000|  0%| F|  |TAMS 0x0000000087100000, 0x0000000087100000| Untracked 
|  68|0x0000000087200000, 0x0000000087200000, 0x0000000087300000|  0%| F|  |TAMS 0x0000000087200000, 0x0000000087200000| Untracked 
|  69|0x0000000087300000, 0x0000000087300000, 0x0000000087400000|  0%| F|  |TAMS 0x0000000087300000, 0x0000000087300000| Untracked 
|  70|0x0000000087400000, 0x0000000087400000, 0x0000000087500000|  0%| F|  |TAMS 0x0000000087400000, 0x0000000087400000| Untracked 
|  71|0x0000000087500000, 0x0000000087500000, 0x0000000087600000|  0%| F|  |TAMS 0x0000000087500000, 0x0000000087500000| Untracked 
|  72|0x0000000087600000, 0x0000000087600000, 0x0000000087700000|  0%| F|  |TAMS 0x0000000087600000, 0x0000000087600000| Untracked 
|  73|0x0000000087700000, 0x0000000087700000, 0x0000000087800000|  0%| F|  |TAMS 0x0000000087700000, 0x0000000087700000| Untracked 
|  74|0x0000000087800000, 0x0000000087800000, 0x0000000087900000|  0%| F|  |TAMS 0x0000000087800000, 0x0000000087800000| Untracked 
|  75|0x0000000087900000, 0x0000000087900000, 0x0000000087a00000|  0%| F|  |TAMS 0x0000000087900000, 0x0000000087900000| Untracked 
|  76|0x0000000087a00000, 0x0000000087a00000, 0x0000000087b00000|  0%| F|  |TAMS 0x0000000087a00000, 0x0000000087a00000| Untracked 
|  77|0x0000000087b00000, 0x0000000087b00000, 0x0000000087c00000|  0%| F|  |TAMS 0x0000000087b00000, 0x0000000087b00000| Untracked 
|  78|0x0000000087c00000, 0x0000000087c00000, 0x0000000087d00000|  0%| F|  |TAMS 0x0000000087c00000, 0x0000000087c00000| Untracked 
|  79|0x0000000087d00000, 0x0000000087d00000, 0x0000000087e00000|  0%| F|  |TAMS 0x0000000087d00000, 0x0000000087d00000| Untracked 
|  80|0x0000000087e00000, 0x0000000087e00000, 0x0000000087f00000|  0%| F|  |TAMS 0x0000000087e00000, 0x0000000087e00000| Untracked 
|  81|0x0000000087f00000, 0x0000000087f00000, 0x0000000088000000|  0%| F|  |TAMS 0x0000000087f00000, 0x0000000087f00000| Untracked 
|  82|0x0000000088000000, 0x0000000088000000, 0x0000000088100000|  0%| F|  |TAMS 0x0000000088000000, 0x0000000088000000| Untracked 
|  83|0x0000000088100000, 0x0000000088100000, 0x0000000088200000|  0%| F|  |TAMS 0x0000000088100000, 0x0000000088100000| Untracked 
|  84|0x0000000088200000, 0x0000000088200000, 0x0000000088300000|  0%| F|  |TAMS 0x0000000088200000, 0x0000000088200000| Untracked 
|  85|0x0000000088300000, 0x0000000088300000, 0x0000000088400000|  0%| F|  |TAMS 0x0000000088300000, 0x0000000088300000| Untracked 
|  86|0x0000000088400000, 0x0000000088400000, 0x0000000088500000|  0%| F|  |TAMS 0x0000000088400000, 0x0000000088400000| Untracked 
|  87|0x0000000088500000, 0x0000000088500000, 0x0000000088600000|  0%| F|  |TAMS 0x0000000088500000, 0x0000000088500000| Untracked 
|  88|0x0000000088600000, 0x0000000088600000, 0x0000000088700000|  0%| F|  |TAMS 0x0000000088600000, 0x0000000088600000| Untracked 
|  89|0x0000000088700000, 0x0000000088700000, 0x0000000088800000|  0%| F|  |TAMS 0x0000000088700000, 0x0000000088700000| Untracked 
|  90|0x0000000088800000, 0x0000000088800000, 0x0000000088900000|  0%| F|  |TAMS 0x0000000088800000, 0x0000000088800000| Untracked 
|  91|0x0000000088900000, 0x0000000088900000, 0x0000000088a00000|  0%| F|  |TAMS 0x0000000088900000, 0x0000000088900000| Untracked 
|  92|0x0000000088a00000, 0x0000000088a00000, 0x0000000088b00000|  0%| F|  |TAMS 0x0000000088a00000, 0x0000000088a00000| Untracked 
|  93|0x0000000088b00000, 0x0000000088b00000, 0x0000000088c00000|  0%| F|  |TAMS 0x0000000088b00000, 0x0000000088b00000| Untracked 
|  94|0x0000000088c00000, 0x0000000088c00000, 0x0000000088d00000|  0%| F|  |TAMS 0x0000000088c00000, 0x0000000088c00000| Untracked 
|  95|0x0000000088d00000, 0x0000000088d00000, 0x0000000088e00000|  0%| F|  |TAMS 0x0000000088d00000, 0x0000000088d00000| Untracked 
|  96|0x0000000088e00000, 0x0000000088e00000, 0x0000000088f00000|  0%| F|  |TAMS 0x0000000088e00000, 0x0000000088e00000| Untracked 
|  97|0x0000000088f00000, 0x0000000088f00000, 0x0000000089000000|  0%| F|  |TAMS 0x0000000088f00000, 0x0000000088f00000| Untracked 
|  98|0x0000000089000000, 0x0000000089000000, 0x0000000089100000|  0%| F|  |TAMS 0x0000000089000000, 0x0000000089000000| Untracked 
|  99|0x0000000089100000, 0x0000000089100000, 0x0000000089200000|  0%| F|  |TAMS 0x0000000089100000, 0x0000000089100000| Untracked 
| 125|0x000000008ab00000, 0x000000008ab00000, 0x000000008ac00000|  0%| F|  |TAMS 0x000000008ab00000, 0x000000008ab00000| Untracked 

Card table byte_map: [0x000001cee2900000,0x000001cee2cf0000] _byte_map_base: 0x000001cee24e9000

Marking Bits (Prev, Next): (CMBitMap*) 0x000001ced7bfe0b0, (CMBitMap*) 0x000001ced7bfe0f0
 Prev Bits: [0x000001cee30e0000, 0x000001cee5028000)
 Next Bits: [0x000001cee5030000, 0x000001cee6f78000)

Polling page: 0x000001ced5b50000

Metaspace:

Usage:
  Non-class:     39.25 MB used.
      Class:      5.95 MB used.
       Both:     45.20 MB used.

Virtual space:
  Non-class space:       40.00 MB reserved,      39.50 MB ( 99%) committed,  5 nodes.
      Class space:        1.00 GB reserved,       6.19 MB ( <1%) committed,  1 nodes.
             Both:        1.04 GB reserved,      45.69 MB (  4%) committed. 

Chunk freelists:
   Non-Class:  368.00 KB
       Class:  1.73 MB
        Both:  2.09 MB

MaxMetaspaceSize: unlimited
CompressedClassSpaceSize: 1.00 GB
Initial GC threshold: 21.00 MB
Current GC threshold: 59.06 MB
CDS: on
MetaspaceReclaimPolicy: balanced
 - commit_granule_bytes: 65536.
 - commit_granule_words: 8192.
 - virtual_space_node_default_size: 1048576.
 - enlarge_chunks_in_place: 1.
 - new_chunks_are_fully_committed: 0.
 - uncommit_free_chunks: 1.
 - use_allocation_guard: 0.
 - handle_deallocations: 1.


Internal statistics:

num_allocs_failed_limit: 6.
num_arena_births: 704.
num_arena_deaths: 0.
num_vsnodes_births: 6.
num_vsnodes_deaths: 0.
num_space_committed: 731.
num_space_uncommitted: 0.
num_chunks_returned_to_freelist: 6.
num_chunks_taken_from_freelist: 2395.
num_chunk_merges: 6.
num_chunk_splits: 1614.
num_chunks_enlarged: 1152.
num_purges: 0.
num_inconsistent_stats: 0.

CodeCache: size=49152Kb used=12997Kb max_used=12997Kb free=36154Kb
 bounds [0x000001cedf400000, 0x000001cee00c0000, 0x000001cee2400000]
 total_blobs=6833 nmethods=6242 adapters=515
 compilation: enabled
              stopped_count=0, restarted_count=0
 full_count=0

Compilation events (20 events):
Event: 7.929 Thread 0x000001cee99bb180 6232   !   1       jdk.proxy2.$Proxy44::annotationType (29 bytes)
Event: 7.929 Thread 0x000001ceeaf9e8b0 nmethod 6231 0x000001cee00ab690 code [0x000001cee00ab880, 0x000001cee00abb48]
Event: 7.929 Thread 0x000001cee99bb180 nmethod 6232 0x000001cee00abd10 code [0x000001cee00abec0, 0x000001cee00ac098]
Event: 7.930 Thread 0x000001ceeaf9d470 nmethod 6230 0x000001cee00ac210 code [0x000001cee00ac4a0, 0x000001cee00acda8]
Event: 7.932 Thread 0x000001ceeaf9e8b0 6233       1       org.springframework.boot.web.server.WebServerFactoryCustomizerBeanPostProcessor::postProcessBeforeInitialization (19 bytes)
Event: 7.932 Thread 0x000001ceea4a4290 6234       1       org.springframework.boot.web.server.ErrorPageRegistrarBeanPostProcessor::postProcessBeforeInitialization (19 bytes)
Event: 7.932 Thread 0x000001ceeaf9d470 6235       1       org.springframework.data.web.config.ProjectingArgumentResolverRegistrar$ProjectingArgumentResolverBeanPostProcessor::postProcessBeforeInitialization (2 bytes)
Event: 7.932 Thread 0x000001ceeaf9d470 nmethod 6235 0x000001cee00ad210 code [0x000001cee00ad3a0, 0x000001cee00ad478]
Event: 7.932 Thread 0x000001ceea4a4290 nmethod 6234 0x000001cee00ad510 code [0x000001cee00ad6c0, 0x000001cee00ad868]
Event: 7.933 Thread 0x000001ceeaf9e8b0 nmethod 6233 0x000001cee00ad910 code [0x000001cee00adb60, 0x000001cee00ae388]
Event: 7.936 Thread 0x000001ceeaf9e8b0 6237   !   1       java.security.AccessController::doPrivileged (26 bytes)
Event: 7.937 Thread 0x000001ceeaf9e8b0 nmethod 6237 0x000001cee00aec90 code [0x000001cee00aee60, 0x000001cee00af068]
Event: 7.938 Thread 0x000001cee99bb180 6238       1       sun.nio.ch.SocketDispatcher::read (8 bytes)
Event: 7.938 Thread 0x000001cee99bb180 nmethod 6238 0x000001cee00af610 code [0x000001cee00af7a0, 0x000001cee00af888]
Event: 7.949 Thread 0x000001ceea4a4290 6240   !   1       jdk.proxy1.$Proxy1::annotationType (29 bytes)
Event: 7.950 Thread 0x000001ceea4a4290 nmethod 6240 0x000001cee00af910 code [0x000001cee00afac0, 0x000001cee00afc98]
Event: 7.951 Thread 0x000001cee99bb180 6241       1       java.lang.String::repeat (190 bytes)
Event: 7.951 Thread 0x000001ceeaf9d470 6242   !   1       java.util.concurrent.ConcurrentHashMap$TreeBin::find (191 bytes)
Event: 7.951 Thread 0x000001ceeaf9d470 nmethod 6242 0x000001cee00afe10 code [0x000001cee00affe0, 0x000001cee00b0378]
Event: 7.951 Thread 0x000001cee99bb180 nmethod 6241 0x000001cee00b0590 code [0x000001cee00b0800, 0x000001cee00b1278]

GC Heap History (20 events):
Event: 4.513 GC heap after
{Heap after GC invocations=6 (full 0):
 garbage-first heap   total 61440K, used 19181K [0x0000000082e00000, 0x0000000100000000)
  region size 1024K, 5 young (5120K), 5 survivors (5120K)
 Metaspace       used 25840K, committed 26304K, reserved 1073152K
  class space    used 3484K, committed 3712K, reserved 1048576K
}
Event: 4.525 GC heap before
{Heap before GC invocations=6 (full 0):
 garbage-first heap   total 61440K, used 20205K [0x0000000082e00000, 0x0000000100000000)
  region size 1024K, 6 young (6144K), 5 survivors (5120K)
 Metaspace       used 25896K, committed 26368K, reserved 1073152K
  class space    used 3488K, committed 3712K, reserved 1048576K
}
Event: 4.533 GC heap after
{Heap after GC invocations=7 (full 0):
 garbage-first heap   total 61440K, used 19536K [0x0000000082e00000, 0x0000000100000000)
  region size 1024K, 1 young (1024K), 1 survivors (1024K)
 Metaspace       used 25896K, committed 26368K, reserved 1073152K
  class space    used 3488K, committed 3712K, reserved 1048576K
}
Event: 4.850 GC heap before
{Heap before GC invocations=7 (full 0):
 garbage-first heap   total 61440K, used 43088K [0x0000000082e00000, 0x0000000100000000)
  region size 1024K, 24 young (24576K), 1 survivors (1024K)
 Metaspace       used 28084K, committed 28480K, reserved 1081344K
  class space    used 3745K, committed 3904K, reserved 1048576K
}
Event: 4.857 GC heap after
{Heap after GC invocations=8 (full 0):
 garbage-first heap   total 122880K, used 20555K [0x0000000082e00000, 0x0000000100000000)
  region size 1024K, 2 young (2048K), 2 survivors (2048K)
 Metaspace       used 28084K, committed 28480K, reserved 1081344K
  class space    used 3745K, committed 3904K, reserved 1048576K
}
Event: 5.751 GC heap before
{Heap before GC invocations=8 (full 0):
 garbage-first heap   total 122880K, used 81995K [0x0000000082e00000, 0x0000000100000000)
  region size 1024K, 63 young (64512K), 2 survivors (2048K)
 Metaspace       used 35679K, committed 36096K, reserved 1081344K
  class space    used 4790K, committed 4992K, reserved 1048576K
}
Event: 5.757 GC heap after
{Heap after GC invocations=9 (full 0):
 garbage-first heap   total 122880K, used 23722K [0x0000000082e00000, 0x0000000100000000)
  region size 1024K, 5 young (5120K), 5 survivors (5120K)
 Metaspace       used 35679K, committed 36096K, reserved 1081344K
  class space    used 4790K, committed 4992K, reserved 1048576K
}
Event: 6.035 GC heap before
{Heap before GC invocations=10 (full 0):
 garbage-first heap   total 86016K, used 72874K [0x0000000082e00000, 0x0000000100000000)
  region size 1024K, 54 young (55296K), 5 survivors (5120K)
 Metaspace       used 36454K, committed 36864K, reserved 1081344K
  class space    used 4919K, committed 5120K, reserved 1048576K
}
Event: 6.041 GC heap after
{Heap after GC invocations=11 (full 0):
 garbage-first heap   total 86016K, used 25608K [0x0000000082e00000, 0x0000000100000000)
  region size 1024K, 6 young (6144K), 6 survivors (6144K)
 Metaspace       used 36454K, committed 36864K, reserved 1081344K
  class space    used 4919K, committed 5120K, reserved 1048576K
}
Event: 6.209 GC heap before
{Heap before GC invocations=11 (full 0):
 garbage-first heap   total 86016K, used 65544K [0x0000000082e00000, 0x0000000100000000)
  region size 1024K, 45 young (46080K), 6 survivors (6144K)
 Metaspace       used 37047K, committed 37504K, reserved 1081344K
  class space    used 4963K, committed 5184K, reserved 1048576K
}
Event: 6.214 GC heap after
{Heap after GC invocations=12 (full 0):
 garbage-first heap   total 86016K, used 26520K [0x0000000082e00000, 0x0000000100000000)
  region size 1024K, 3 young (3072K), 3 survivors (3072K)
 Metaspace       used 37047K, committed 37504K, reserved 1081344K
  class space    used 4963K, committed 5184K, reserved 1048576K
}
Event: 6.827 GC heap before
{Heap before GC invocations=12 (full 0):
 garbage-first heap   total 86016K, used 67480K [0x0000000082e00000, 0x0000000100000000)
  region size 1024K, 43 young (44032K), 3 survivors (3072K)
 Metaspace       used 41524K, committed 42048K, reserved 1089536K
  class space    used 5502K, committed 5760K, reserved 1048576K
}
Event: 6.834 GC heap after
{Heap after GC invocations=13 (full 0):
 garbage-first heap   total 103424K, used 29171K [0x0000000082e00000, 0x0000000100000000)
  region size 1024K, 6 young (6144K), 6 survivors (6144K)
 Metaspace       used 41524K, committed 42048K, reserved 1089536K
  class space    used 5502K, committed 5760K, reserved 1048576K
}
Event: 7.113 GC heap before
{Heap before GC invocations=13 (full 0):
 garbage-first heap   total 103424K, used 80371K [0x0000000082e00000, 0x0000000100000000)
  region size 1024K, 56 young (57344K), 6 survivors (6144K)
 Metaspace       used 42928K, committed 43456K, reserved 1089536K
  class space    used 5685K, committed 5952K, reserved 1048576K
}
Event: 7.119 GC heap after
{Heap after GC invocations=14 (full 0):
 garbage-first heap   total 103424K, used 31090K [0x0000000082e00000, 0x0000000100000000)
  region size 1024K, 6 young (6144K), 6 survivors (6144K)
 Metaspace       used 42928K, committed 43456K, reserved 1089536K
  class space    used 5685K, committed 5952K, reserved 1048576K
}
Event: 7.354 GC heap before
{Heap before GC invocations=14 (full 0):
 garbage-first heap   total 103424K, used 80242K [0x0000000082e00000, 0x0000000100000000)
  region size 1024K, 54 young (55296K), 6 survivors (6144K)
 Metaspace       used 44014K, committed 44480K, reserved 1089536K
  class space    used 5807K, committed 6016K, reserved 1048576K
}
Event: 7.360 GC heap after
{Heap after GC invocations=15 (full 0):
 garbage-first heap   total 103424K, used 32418K [0x0000000082e00000, 0x0000000100000000)
  region size 1024K, 4 young (4096K), 4 survivors (4096K)
 Metaspace       used 44014K, committed 44480K, reserved 1089536K
  class space    used 5807K, committed 6016K, reserved 1048576K
}
Event: 7.739 GC heap before
{Heap before GC invocations=15 (full 0):
 garbage-first heap   total 103424K, used 81570K [0x0000000082e00000, 0x0000000100000000)
  region size 1024K, 52 young (53248K), 4 survivors (4096K)
 Metaspace       used 45421K, committed 45888K, reserved 1089536K
  class space    used 6000K, committed 6208K, reserved 1048576K
}
Event: 7.746 GC heap after
{Heap after GC invocations=16 (full 0):
 garbage-first heap   total 103424K, used 34891K [0x0000000082e00000, 0x0000000100000000)
  region size 1024K, 6 young (6144K), 6 survivors (6144K)
 Metaspace       used 45421K, committed 45888K, reserved 1089536K
  class space    used 6000K, committed 6208K, reserved 1048576K
}
Event: 7.977 GC heap before
{Heap before GC invocations=16 (full 0):
 garbage-first heap   total 103424K, used 81995K [0x0000000082e00000, 0x0000000100000000)
  region size 1024K, 52 young (53248K), 6 survivors (6144K)
 Metaspace       used 46281K, committed 46784K, reserved 1089536K
  class space    used 6088K, committed 6336K, reserved 1048576K
}

Deoptimization events (20 events):
Event: 4.521 Thread 0x000001ced7bbcb20 DEOPT PACKING pc=0x000001cedfc54284 sp=0x000000b2c05fb320
Event: 4.521 Thread 0x000001ced7bbcb20 DEOPT UNPACKING pc=0x000001cedf452b43 sp=0x000000b2c05fa840 mode 0
Event: 4.521 Thread 0x000001ced7bbcb20 DEOPT PACKING pc=0x000001cedfc64144 sp=0x000000b2c05fb6d0
Event: 4.521 Thread 0x000001ced7bbcb20 DEOPT UNPACKING pc=0x000001cedf452b43 sp=0x000000b2c05faba8 mode 0
Event: 4.522 Thread 0x000001ced7bbcb20 DEOPT PACKING pc=0x000001cedfc576f4 sp=0x000000b2c05fba50
Event: 4.522 Thread 0x000001ced7bbcb20 DEOPT UNPACKING pc=0x000001cedf452b43 sp=0x000000b2c05faf88 mode 0
Event: 4.666 Thread 0x000001ced7bbcb20 DEOPT PACKING pc=0x000001cedfd16b5d sp=0x000000b2c05fcf50
Event: 4.666 Thread 0x000001ced7bbcb20 DEOPT UNPACKING pc=0x000001cedf452b43 sp=0x000000b2c05fc4b8 mode 3
Event: 5.733 Thread 0x000001ced7bbcb20 DEOPT PACKING pc=0x000001cedfe17919 sp=0x000000b2c05fbd80
Event: 5.733 Thread 0x000001ced7bbcb20 DEOPT UNPACKING pc=0x000001cedf452b43 sp=0x000000b2c05fb260 mode 3
Event: 6.016 Thread 0x000001ced7bbcb20 DEOPT PACKING pc=0x000001cedf9ee2a2 sp=0x000000b2c05fb080
Event: 6.016 Thread 0x000001ced7bbcb20 DEOPT UNPACKING pc=0x000001cedf452b43 sp=0x000000b2c05fa588 mode 3
Event: 6.043 Thread 0x000001ced7bbcb20 DEOPT PACKING pc=0x000001cedfec58c4 sp=0x000000b2c05fb5a0
Event: 6.043 Thread 0x000001ced7bbcb20 DEOPT UNPACKING pc=0x000001cedf452b43 sp=0x000000b2c05faa38 mode 3
Event: 6.970 Thread 0x000001ced7bbcb20 DEOPT PACKING pc=0x000001cedfc4a08e sp=0x000000b2c05fba80
Event: 6.970 Thread 0x000001ced7bbcb20 DEOPT UNPACKING pc=0x000001cedf452b43 sp=0x000000b2c05fb0a0 mode 0
Event: 6.970 Thread 0x000001ced7bbcb20 DEOPT PACKING pc=0x000001cedfc4868c sp=0x000000b2c05fbcb0
Event: 6.970 Thread 0x000001ced7bbcb20 DEOPT UNPACKING pc=0x000001cedf452b43 sp=0x000000b2c05fb2d0 mode 0
Event: 6.970 Thread 0x000001ced7bbcb20 DEOPT PACKING pc=0x000001cedfcffcbc sp=0x000000b2c05fc060
Event: 6.970 Thread 0x000001ced7bbcb20 DEOPT UNPACKING pc=0x000001cedf452b43 sp=0x000000b2c05fb5e8 mode 0

Classes unloaded (0 events):
No events

Classes redefined (0 events):
No events

Internal exceptions (20 events):
Event: 4.833 Thread 0x000001ced7bbcb20 Exception <a 'java/lang/NoSuchMethodError'{0x000000008549a880}: 'int java.lang.invoke.DirectMethodHandle$Holder.invokeInterface(java.lang.Object, java.lang.Object, java.lang.Object, java.lang.Object)'> (0x000000008549a880) 
thrown [t:\workspace\open\src\hotspot\share\interpreter\linkResolver.cpp, line 766]
Event: 4.881 Thread 0x000001ced7bbcb20 Exception <a 'java/lang/NoSuchMethodError'{0x000000008a4535e0}: 'long java.lang.invoke.DirectMethodHandle$Holder.invokeVirtual(java.lang.Object, java.lang.Object)'> (0x000000008a4535e0) 
thrown [t:\workspace\open\src\hotspot\share\interpreter\linkResolver.cpp, line 766]
Event: 5.113 Thread 0x000001ced7bbcb20 Exception <a 'java/lang/NoSuchMethodError'{0x000000008994f298}: 'java.lang.Object java.lang.invoke.DirectMethodHandle$Holder.invokeStaticInit(java.lang.Object, long)'> (0x000000008994f298) 
thrown [t:\workspace\open\src\hotspot\share\interpreter\linkResolver.cpp, line 766]
Event: 5.175 Thread 0x000001ced7bbcb20 Exception <a 'java/lang/IncompatibleClassChangeError'{0x00000000895f74e8}: Found class java.lang.Object, but interface was expected> (0x00000000895f74e8) 
thrown [t:\workspace\open\src\hotspot\share\interpreter\linkResolver.cpp, line 833]
Event: 5.189 Thread 0x000001ced7bbcb20 Exception <a 'java/lang/IncompatibleClassChangeError'{0x00000000894b9de0}: Found class java.lang.Object, but interface was expected> (0x00000000894b9de0) 
thrown [t:\workspace\open\src\hotspot\share\interpreter\linkResolver.cpp, line 833]
Event: 5.208 Thread 0x000001ced7bbcb20 Exception <a 'java/lang/IncompatibleClassChangeError'{0x0000000089394ac8}: Found class java.lang.Object, but interface was expected> (0x0000000089394ac8) 
thrown [t:\workspace\open\src\hotspot\share\interpreter\linkResolver.cpp, line 833]
Event: 5.349 Thread 0x000001ced59ac350 Exception <a 'java/lang/reflect/InvocationTargetException'{0x0000000088289e38}> (0x0000000088289e38) 
thrown [t:\workspace\open\src\hotspot\share\runtime\reflection.cpp, line 1121]
Event: 5.476 Thread 0x000001ced7bbcb20 Exception <a 'java/lang/NoSuchMethodError'{0x0000000087cce290}: 'int java.lang.invoke.Invokers$Holder.invokeExact_MT(java.lang.Object, java.lang.Object, java.lang.Object)'> (0x0000000087cce290) 
thrown [t:\workspace\open\src\hotspot\share\interpreter\linkResolver.cpp, line 766]
Event: 5.610 Thread 0x000001ced7bbcb20 Exception <a 'java/lang/NoSuchMethodError'{0x0000000087949248}: 'java.lang.Object java.lang.invoke.DirectMethodHandle$Holder.newInvokeSpecial(java.lang.Object, java.lang.Object, int)'> (0x0000000087949248) 
thrown [t:\workspace\open\src\hotspot\share\interpreter\linkResolver.cpp, line 766]
Event: 5.869 Thread 0x000001ced59ac350 Exception <a 'java/lang/reflect/InvocationTargetException'{0x0000000087309758}> (0x0000000087309758) 
thrown [t:\workspace\open\src\hotspot\share\runtime\reflection.cpp, line 1121]
Event: 5.925 Thread 0x000001ced7bbcb20 Exception <a 'java/io/FileNotFoundException'{0x0000000086342e80}> (0x0000000086342e80) 
thrown [t:\workspace\open\src\hotspot\share\prims\jni.cpp, line 516]
Event: 5.926 Thread 0x000001ced7bbcb20 Exception <a 'java/io/FileNotFoundException'{0x000000008634e878}> (0x000000008634e878) 
thrown [t:\workspace\open\src\hotspot\share\prims\jni.cpp, line 516]
Event: 6.294 Thread 0x000001ced7bbcb20 Exception <a 'java/lang/NoSuchMethodError'{0x0000000087492e80}: 'java.lang.Object java.lang.invoke.DirectMethodHandle$Holder.invokeVirtual(java.lang.Object, java.lang.Object, int)'> (0x0000000087492e80) 
thrown [t:\workspace\open\src\hotspot\share\interpreter\linkResolver.cpp, line 766]
Event: 6.317 Thread 0x000001ced7bbcb20 Exception <a 'sun/nio/fs/WindowsException'{0x00000000874acac8}> (0x00000000874acac8) 
thrown [t:\workspace\open\src\hotspot\share\prims\jni.cpp, line 516]
Event: 6.342 Thread 0x000001ced7bbcb20 Exception <a 'java/lang/NoSuchMethodError'{0x00000000874cfba0}: 'int java.lang.invoke.DirectMethodHandle$Holder.invokeStaticInit(java.lang.Object, java.lang.Object, java.lang.Object, java.lang.Object)'> (0x00000000874cfba0) 
thrown [t:\workspace\open\src\hotspot\share\interpreter\linkResolver.cpp, line 766]
Event: 6.389 Thread 0x000001ced59ac350 Exception <a 'java/lang/reflect/InvocationTargetException'{0x00000000873ac158}> (0x00000000873ac158) 
thrown [t:\workspace\open\src\hotspot\share\runtime\reflection.cpp, line 1121]
Event: 7.294 Thread 0x000001ced7bbcb20 Exception <a 'java/lang/IncompatibleClassChangeError'{0x0000000086c23230}: Found class java.lang.Object, but interface was expected> (0x0000000086c23230) 
thrown [t:\workspace\open\src\hotspot\share\interpreter\linkResolver.cpp, line 833]
Event: 7.337 Thread 0x000001ced7bbcb20 Exception <a 'java/lang/NoSuchMethodError'{0x0000000086313ed0}: 'void java.lang.invoke.DirectMethodHandle$Holder.invokeSpecial(java.lang.Object, java.lang.Object, java.lang.Object, java.lang.Object, java.lang.Object, java.lang.Object, java.lang.Object)'> (0x0000000086313ed0) 
thrown [t:\workspace\open\src\hotspot\share\interpreter\linkResolver.cpp, line 766]
Event: 7.542 Thread 0x000001ced7bbcb20 Exception <a 'java/lang/NoSuchMethodError'{0x0000000087d53f70}: 'void java.lang.invoke.DirectMethodHandle$Holder.invokeVirtual(java.lang.Object, java.lang.Object, long)'> (0x0000000087d53f70) 
thrown [t:\workspace\open\src\hotspot\share\interpreter\linkResolver.cpp, line 766]
Event: 7.671 Thread 0x000001ced7bbcb20 Exception <a 'java/lang/IncompatibleClassChangeError'{0x0000000086eb2af8}: Found class java.lang.Object, but interface was expected> (0x0000000086eb2af8) 
thrown [t:\workspace\open\src\hotspot\share\interpreter\linkResolver.cpp, line 833]

VM Operations (20 events):
Event: 6.970 Executing VM operation: HandshakeAllThreads done
Event: 7.112 Executing VM operation: G1CollectForAllocation
Event: 7.119 Executing VM operation: G1CollectForAllocation done
Event: 7.354 Executing VM operation: G1CollectForAllocation
Event: 7.360 Executing VM operation: G1CollectForAllocation done
Event: 7.370 Executing VM operation: HandshakeAllThreads
Event: 7.370 Executing VM operation: HandshakeAllThreads done
Event: 7.440 Executing VM operation: HandshakeAllThreads
Event: 7.440 Executing VM operation: HandshakeAllThreads done
Event: 7.484 Executing VM operation: HandshakeAllThreads
Event: 7.484 Executing VM operation: HandshakeAllThreads done
Event: 7.611 Executing VM operation: HandshakeAllThreads
Event: 7.611 Executing VM operation: HandshakeAllThreads done
Event: 7.630 Executing VM operation: HandshakeAllThreads
Event: 7.630 Executing VM operation: HandshakeAllThreads done
Event: 7.643 Executing VM operation: ICBufferFull
Event: 7.644 Executing VM operation: ICBufferFull done
Event: 7.739 Executing VM operation: G1CollectForAllocation
Event: 7.746 Executing VM operation: G1CollectForAllocation done
Event: 7.977 Executing VM operation: G1CollectForAllocation

Events (20 events):
Event: 7.273 loading class java/util/EnumMap$EntrySet
Event: 7.274 loading class java/util/EnumMap$EntrySet done
Event: 7.274 loading class java/util/EnumMap$EntryIterator
Event: 7.274 loading class java/util/EnumMap$EnumMapIterator
Event: 7.274 loading class java/util/EnumMap$EnumMapIterator done
Event: 7.274 loading class java/util/EnumMap$EntryIterator done
Event: 7.353 loading class java/util/Comparators$NullComparator
Event: 7.353 loading class java/util/Comparators$NullComparator done
Event: 7.415 Thread 0x000001ceec91da40 Thread added: 0x000001ceec91da40
Event: 7.419 Thread 0x000001ceec91da40 Thread exited: 0x000001ceec91da40
Event: 7.439 loading class java/util/ArrayList$ListItr
Event: 7.440 loading class java/util/ArrayList$ListItr done
Event: 7.896 loading class java/util/concurrent/CompletableFuture$AltResult
Event: 7.896 loading class java/util/concurrent/CompletableFuture$AltResult done
Event: 7.896 loading class java/util/concurrent/CompletableFuture$Completion
Event: 7.897 loading class java/util/concurrent/CompletableFuture$AsynchronousCompletionTask
Event: 7.897 loading class java/util/concurrent/CompletableFuture$AsynchronousCompletionTask done
Event: 7.897 loading class java/util/concurrent/CompletableFuture$Completion done
Event: 7.935 Thread 0x000001ceec9200c0 Thread added: 0x000001ceec9200c0
Event: 7.939 Thread 0x000001ceec9200c0 Thread exited: 0x000001ceec9200c0


Dynamic libraries:
0x00007ff751b20000 - 0x00007ff751b30000 	D:\java-dev-environment\jdk-17.0.2\bin\java.exe
0x00007ffc7b6e0000 - 0x00007ffc7b8e9000 	C:\WINDOWS\SYSTEM32\ntdll.dll
0x00007ffc7a840000 - 0x00007ffc7a8fe000 	C:\WINDOWS\System32\KERNEL32.DLL
0x00007ffc79080000 - 0x00007ffc79404000 	C:\WINDOWS\System32\KERNELBASE.dll
0x00007ffc79410000 - 0x00007ffc79521000 	C:\WINDOWS\System32\ucrtbase.dll
0x00007ffc664b0000 - 0x00007ffc664c8000 	D:\java-dev-environment\jdk-17.0.2\bin\jli.dll
0x00007ffc666b0000 - 0x00007ffc666ca000 	D:\java-dev-environment\jdk-17.0.2\bin\VCRUNTIME140.dll
0x00007ffc7aae0000 - 0x00007ffc7ab8f000 	C:\WINDOWS\System32\ADVAPI32.dll
0x00007ffc7a5d0000 - 0x00007ffc7a673000 	C:\WINDOWS\System32\msvcrt.dll
0x00007ffc7b4e0000 - 0x00007ffc7b57e000 	C:\WINDOWS\System32\sechost.dll
0x00007ffc7a6f0000 - 0x00007ffc7a811000 	C:\WINDOWS\System32\RPCRT4.dll
0x00007ffc79b30000 - 0x00007ffc79cdd000 	C:\WINDOWS\System32\USER32.dll
0x00007ffc78ec0000 - 0x00007ffc78ee6000 	C:\WINDOWS\System32\win32u.dll
0x00007ffc5dc70000 - 0x00007ffc5df15000 	C:\WINDOWS\WinSxS\amd64_microsoft.windows.common-controls_6595b64144ccf1df_6.0.22000.120_none_9d947278b86cc467\COMCTL32.dll
0x00007ffc79540000 - 0x00007ffc7956a000 	C:\WINDOWS\System32\GDI32.dll
0x00007ffc78ef0000 - 0x00007ffc7900f000 	C:\WINDOWS\System32\gdi32full.dll
0x00007ffc71d80000 - 0x00007ffc71d8a000 	C:\WINDOWS\SYSTEM32\VERSION.dll
0x00007ffc78d60000 - 0x00007ffc78dfd000 	C:\WINDOWS\System32\msvcp_win.dll
0x00007ffc7b660000 - 0x00007ffc7b691000 	C:\WINDOWS\System32\IMM32.DLL
0x00007ffc666a0000 - 0x00007ffc666ac000 	D:\java-dev-environment\jdk-17.0.2\bin\vcruntime140_1.dll
0x00007ffc576c0000 - 0x00007ffc5774d000 	D:\java-dev-environment\jdk-17.0.2\bin\msvcp140.dll
0x00007ffc0a950000 - 0x00007ffc0b511000 	D:\java-dev-environment\jdk-17.0.2\bin\server\jvm.dll
0x00007ffc79960000 - 0x00007ffc79968000 	C:\WINDOWS\System32\PSAPI.DLL
0x00007ffc752d0000 - 0x00007ffc752d9000 	C:\WINDOWS\SYSTEM32\WSOCK32.dll
0x00007ffc73490000 - 0x00007ffc734c3000 	C:\WINDOWS\SYSTEM32\WINMM.dll
0x00007ffc79ce0000 - 0x00007ffc79d4f000 	C:\WINDOWS\System32\WS2_32.dll
0x00007ffc77c80000 - 0x00007ffc77c98000 	C:\WINDOWS\SYSTEM32\kernel.appcore.dll
0x00007ffc664a0000 - 0x00007ffc664aa000 	D:\java-dev-environment\jdk-17.0.2\bin\jimage.dll
0x00007ffc713a0000 - 0x00007ffc715c1000 	C:\WINDOWS\SYSTEM32\DBGHELP.DLL
0x00007ffc58b80000 - 0x00007ffc58bb1000 	C:\WINDOWS\SYSTEM32\dbgcore.DLL
0x00007ffc78b70000 - 0x00007ffc78bef000 	C:\WINDOWS\System32\bcryptPrimitives.dll
0x00007ffc67b10000 - 0x00007ffc67b1e000 	D:\java-dev-environment\jdk-17.0.2\bin\instrument.dll
0x00007ffc65fe0000 - 0x00007ffc66005000 	D:\java-dev-environment\jdk-17.0.2\bin\java.dll
0x00007ffc575e0000 - 0x00007ffc576b6000 	D:\java-dev-environment\jdk-17.0.2\bin\jsvml.dll
0x00007ffc79e00000 - 0x00007ffc7a5c5000 	C:\WINDOWS\System32\SHELL32.dll
0x00007ffc76bf0000 - 0x00007ffc77454000 	C:\WINDOWS\SYSTEM32\windows.storage.dll
0x00007ffc7ace0000 - 0x00007ffc7b056000 	C:\WINDOWS\System32\combase.dll
0x00007ffc76a80000 - 0x00007ffc76be7000 	C:\WINDOWS\SYSTEM32\wintypes.dll
0x00007ffc7a990000 - 0x00007ffc7aa7a000 	C:\WINDOWS\System32\SHCORE.dll
0x00007ffc7ab90000 - 0x00007ffc7abed000 	C:\WINDOWS\System32\shlwapi.dll
0x00007ffc78aa0000 - 0x00007ffc78ac5000 	C:\WINDOWS\SYSTEM32\profapi.dll
0x00007ffc5fb00000 - 0x00007ffc5fb18000 	D:\java-dev-environment\jdk-17.0.2\bin\zip.dll
0x00007ffc61610000 - 0x00007ffc61629000 	D:\java-dev-environment\jdk-17.0.2\bin\net.dll
0x00007ffc73ec0000 - 0x00007ffc73fd3000 	C:\WINDOWS\SYSTEM32\WINHTTP.dll
0x00007ffc78170000 - 0x00007ffc781d7000 	C:\WINDOWS\system32\mswsock.dll
0x00007ffc60250000 - 0x00007ffc60266000 	D:\java-dev-environment\jdk-17.0.2\bin\nio.dll
0x00007ffc5d600000 - 0x00007ffc5d61a000 	D:\java-software\IntelliJ IDEA 2022.1.2\bin\breakgen64.dll
0x00007ffc3fd10000 - 0x00007ffc3fe1d000 	C:\WINDOWS\SysWOW64\ierd_tgp_lsp64.dll
0x00007ffc79740000 - 0x00007ffc798da000 	C:\WINDOWS\System32\ole32.dll
0x00007ffc777d0000 - 0x00007ffc778b7000 	C:\WINDOWS\SYSTEM32\DNSAPI.dll
0x00007ffc777a0000 - 0x00007ffc777cd000 	C:\WINDOWS\SYSTEM32\IPHLPAPI.DLL
0x00007ffc79950000 - 0x00007ffc79959000 	C:\WINDOWS\System32\NSI.dll
0x00007ffc734d0000 - 0x00007ffc734da000 	C:\Windows\System32\rasadhlp.dll
0x00007ffc72720000 - 0x00007ffc727a2000 	C:\WINDOWS\System32\fwpuclnt.dll
0x00007ffc72d00000 - 0x00007ffc72d09000 	D:\java-dev-environment\jdk-17.0.2\bin\management.dll
0x00007ffc72af0000 - 0x00007ffc72afb000 	D:\java-dev-environment\jdk-17.0.2\bin\management_ext.dll
0x00007ffc783c0000 - 0x00007ffc783d8000 	C:\WINDOWS\SYSTEM32\CRYPTSP.dll
0x00007ffc77be0000 - 0x00007ffc77c15000 	C:\WINDOWS\system32\rsaenh.dll
0x00007ffc78270000 - 0x00007ffc7829c000 	C:\WINDOWS\SYSTEM32\USERENV.dll
0x00007ffc78540000 - 0x00007ffc78567000 	C:\WINDOWS\SYSTEM32\bcrypt.dll
0x00007ffc783e0000 - 0x00007ffc783ec000 	C:\WINDOWS\SYSTEM32\CRYPTBASE.dll
0x00007ffc734e0000 - 0x00007ffc734f9000 	C:\WINDOWS\SYSTEM32\dhcpcsvc6.DLL
0x00007ffc739d0000 - 0x00007ffc739ee000 	C:\WINDOWS\SYSTEM32\dhcpcsvc.DLL
0x00007ffc672c0000 - 0x00007ffc672d7000 	C:\WINDOWS\system32\napinsp.dll
0x00007ffc672a0000 - 0x00007ffc672bb000 	C:\WINDOWS\system32\pnrpnsp.dll
0x00007ffc66220000 - 0x00007ffc66232000 	C:\WINDOWS\System32\winrnr.dll
0x00007ffc72b10000 - 0x00007ffc72b25000 	C:\WINDOWS\system32\wshbth.dll
0x00007ffc5df80000 - 0x00007ffc5df9f000 	C:\WINDOWS\system32\nlansp_c.dll
0x0000000180000000 - 0x0000000180288000 	D:\code-dev\apache-tomcat-9.0.62\bin\tcnative-1.dll
0x00007ffc78bf0000 - 0x00007ffc78d5a000 	C:\WINDOWS\System32\CRYPT32.dll
0x00007ffc6f7f0000 - 0x00007ffc6f7fe000 	D:\java-dev-environment\jdk-17.0.2\bin\sunmscapi.dll
0x00007ffc78510000 - 0x00007ffc7853a000 	C:\WINDOWS\SYSTEM32\ncrypt.dll
0x00007ffc784d0000 - 0x00007ffc78507000 	C:\WINDOWS\SYSTEM32\NTASN1.dll
0x00007ffc6d180000 - 0x00007ffc6d188000 	C:\WINDOWS\system32\wshunix.dll

dbghelp: loaded successfully - version: 4.0.5 - missing functions: none
symbol engine: initialized successfully - sym options: 0x614 - pdb path: .;D:\java-dev-environment\jdk-17.0.2\bin;C:\WINDOWS\SYSTEM32;C:\WINDOWS\WinSxS\amd64_microsoft.windows.common-controls_6595b64144ccf1df_6.0.22000.120_none_9d947278b86cc467;D:\java-dev-environment\jdk-17.0.2\bin\server;D:\java-software\IntelliJ IDEA 2022.1.2\bin;C:\WINDOWS\SysWOW64;D:\code-dev\apache-tomcat-9.0.62\bin

VM Arguments:
jvm_args: -XX:TieredStopAtLevel=1 -Xverify:none -Dspring.output.ansi.enabled=always -Dcom.sun.management.jmxremote -Dspring.jmx.enabled=true -Dspring.liveBeansView.mbeanDomain -Dspring.application.admin.enabled=true -javaagent:D:\java-software\IntelliJ IDEA 2022.1.2\lib\idea_rt.jar=64374:D:\java-software\IntelliJ IDEA 2022.1.2\bin -Dfile.encoding=UTF-8 
java_command: com.cj.studycirclebackend.StudyCircleBackendApplication
java_class_path (initial): D:\code-data\StudyCircle\StudyCircle-Backend\target\classes;D:\code-dev\apache-maven-3.8.6\repository\org\springframework\boot\spring-boot-starter-data-redis\3.1.1\spring-boot-starter-data-redis-3.1.1.jar;D:\code-dev\apache-maven-3.8.6\repository\org\springframework\boot\spring-boot-starter\3.1.1\spring-boot-starter-3.1.1.jar;D:\code-dev\apache-maven-3.8.6\repository\org\springframework\boot\spring-boot\3.1.1\spring-boot-3.1.1.jar;D:\code-dev\apache-maven-3.8.6\repository\org\springframework\boot\spring-boot-starter-logging\3.1.1\spring-boot-starter-logging-3.1.1.jar;D:\code-dev\apache-maven-3.8.6\repository\ch\qos\logback\logback-classic\1.4.8\logback-classic-1.4.8.jar;D:\code-dev\apache-maven-3.8.6\repository\ch\qos\logback\logback-core\1.4.8\logback-core-1.4.8.jar;D:\code-dev\apache-maven-3.8.6\repository\org\apache\logging\log4j\log4j-to-slf4j\2.20.0\log4j-to-slf4j-2.20.0.jar;D:\code-dev\apache-maven-3.8.6\repository\org\apache\logging\log4j\log4j-api\2.20.0\log4j-api-2.20.0.jar;D:\code-dev\apache-maven-3.8.6\repository\org\slf4j\jul-to-slf4j\2.0.7\jul-to-slf4j-2.0.7.jar;D:\code-dev\apache-maven-3.8.6\repository\jakarta\annotation\jakarta.annotation-api\2.1.1\jakarta.annotation-api-2.1.1.jar;D:\code-dev\apache-maven-3.8.6\repository\org\yaml\snakeyaml\1.33\snakeyaml-1.33.jar;D:\code-dev\apache-maven-3.8.6\repository\org\springframework\data\spring-data-redis\3.1.1\spring-data-redis-3.1.1.jar;D:\code-dev\apache-maven-3.8.6\repository\org\springframework\data\spring-data-keyvalue\3.1.1\spring-data-keyvalue-3.1.1.jar;D:\code-dev\apache-maven-3.8.6\repository\org\springframework\spring-oxm\6.0.10\spring-oxm-6.0.10.jar;D:\code-dev\apache-maven-3.8.6\repository\org\slf4j\slf4j-api\2.0.7\slf4j-api-2.0.7.jar;D:\code-dev\apache-maven-3.8.6\repository\io\lettuce\lettuce-core\6.2.4.RELEASE\lettuce-core-6.2.4.RELEASE.jar;D:\code-dev\apache-maven-3.8.6\repository\io\netty\netty-common\4.1.94.Final\netty-common-4.1.94.Final.jar;D:\code-dev\apache-
Launcher Type: SUN_STANDARD

[Global flags]
     intx CICompilerCount                          = 4                                         {product} {ergonomic}
     uint ConcGCThreads                            = 2                                         {product} {ergonomic}
     uint G1ConcRefinementThreads                  = 8                                         {product} {ergonomic}
   size_t G1HeapRegionSize                         = 1048576                                   {product} {ergonomic}
    uintx GCDrainStackTargetSize                   = 64                                        {product} {ergonomic}
   size_t InitialHeapSize                          = 132120576                                 {product} {ergonomic}
     bool ManagementServer                         = true                                      {product} {command line}
   size_t MarkStackSize                            = 4194304                                   {product} {ergonomic}
   size_t MaxHeapSize                              = 2099249152                                {product} {ergonomic}
   size_t MaxNewSize                               = 1259339776                                {product} {ergonomic}
   size_t MinHeapDeltaBytes                        = 1048576                                   {product} {ergonomic}
   size_t MinHeapSize                              = 8388608                                   {product} {ergonomic}
    uintx NonProfiledCodeHeapSize                  = 0                                      {pd product} {ergonomic}
     bool ProfileInterpreter                       = false                                  {pd product} {command line}
    uintx ProfiledCodeHeapSize                     = 0                                      {pd product} {ergonomic}
   size_t SoftMaxHeapSize                          = 2099249152                             {manageable} {ergonomic}
     intx TieredStopAtLevel                        = 1                                         {product} {command line}
     bool UseCompressedClassPointers               = true                           {product lp64_product} {ergonomic}
     bool UseCompressedOops                        = true                           {product lp64_product} {ergonomic}
     bool UseG1GC                                  = true                                      {product} {ergonomic}
     bool UseLargePagesIndividualAllocation        = false                                  {pd product} {ergonomic}

Logging:
Log output configuration:
 #0: stdout all=warning uptime,level,tags
 #1: stderr all=off uptime,level,tags

Environment Variables:
JAVA_HOME=D:\java-dev-environment\jdk-17.0.2
PATH=D:\code-tools\VMware\VMware Workstation\bin\;D:\Python 3.10\Scripts\;D:\Python 3.10\;C:\WINDOWS\system32;C:\WINDOWS;C:\WINDOWS\System32\Wbem;C:\WINDOWS\System32\WindowsPowerShell\v1.0\;C:\WINDOWS\System32\OpenSSH\;D:\java-dev-environment\jdk-17.0.2\bin;C:\Program Files\dotnet\;D:\Rose 2007\common;D:\code-dev\apache-tomcat-9.0.62\bin;D:\code-dev\apache-maven-3.8.6\bin;D:\code-dev\nodejs16.16.0\;D:\other-software\wkhtmltox\bin;C:\Users\23578\AppData\Roaming\npm;D:\code-db\MySQL-8.0.29\bin;D:\code-db\redis;D:\code-db\elasticsearch-7.17.4\bin;D:\code-tools\Git\cmd;D:\code-tools\wkhtmltopdf\bin;D:\code-tools\MinGw\bin;D:\code-tools\Android\sdk\tools;F:\Program Files (x86)\OpenSSL-Win64\bin;D:\course-office-software\GnuWin32\bin;C:\Program Files (x86)\NVIDIA Corporation\PhysX\Common;C:\Program Files\NVIDIA Corporation\NVIDIA NvDLISR;D:\code-dev\go1.20.6\bin;D:\code-dev\go1.17\bin;C:\Users\23578\AppData\Local\Microsoft\WindowsApps;D:\Fidder\Fiddler;C:\Users\23578\AppData\Local\Microsoft\WindowsApps;%WebStorm%;%IntelliJ IDEA Community Edition%;C:\Program Files\MySQL\MySQL Server 8.0\bin;D:\Microsoft VS Code\bin;D:\Program Files\nodejs\node_global;C:\Users\23578\go\bin
USERNAME=admin
OS=Windows_NT
PROCESSOR_IDENTIFIER=Intel64 Family 6 Model 142 Stepping 11, GenuineIntel



---------------  S Y S T E M  ---------------

OS:
 Windows 11 , 64 bit Build 22000 (10.0.22000.2124)
OS uptime: 8 days 14:06 hours
Hyper-V role detected

CPU: total 8 (initial active 8) (4 cores per cpu, 2 threads per core) family 6 model 142 stepping 11 microcode 0xde, cx8, cmov, fxsr, ht, mmx, 3dnowpref, sse, sse2, sse3, ssse3, sse4.1, sse4.2, popcnt, lzcnt, tsc, tscinvbit, avx, avx2, aes, erms, clmul, bmi1, bmi2, adx, fma, vzeroupper, clflush, clflushopt, hv

Memory: 4k page, system-wide physical 8006M (464M free)
TotalPageFile size 21290M (AvailPageFile size 15M)
current process WorkingSet (physical memory assigned to process): 222M, peak: 222M
current process commit charge ("private bytes"): 264M, peak: 285M

vm_info: Java HotSpot(TM) 64-Bit Server VM (17.0.2+8-LTS-86) for windows-amd64 JRE (17.0.2+8-LTS-86), built on Dec  7 2021 21:51:03 by "mach5one" with MS VC++ 16.8 / 16.9 (VS2019)

END.
