#
# There is insufficient memory for the Java Runtime Environment to continue.
# Native memory allocation (mmap) failed to map 132120576 bytes for G1 virtual space
# Possible reasons:
#   The system is out of physical RAM or swap space
#   The process is running with CompressedOops enabled, and the Java Heap may be blocking the growth of the native heap
# Possible solutions:
#   Reduce memory load on the system
#   Increase physical memory or swap space
#   Check if swap backing store is full
#   Decrease Java heap size (-Xmx/-Xms)
#   Decrease number of Java threads
#   Decrease Java thread stack sizes (-Xss)
#   Set larger code cache with -XX:ReservedCodeCacheSize=
#   JVM is running with Unscaled Compressed Oops mode in which the Java heap is
#     placed in the first 4GB address space. The Java Heap base address is the
#     maximum limit for the native heap growth. Please use -XX:HeapBaseMinAddress
#     to set the Java Heap base and to place the Java Heap above 4GB virtual address.
# This output file may be truncated or incomplete.
#
#  Out of Memory Error (os_windows.cpp:3532), pid=18616, tid=2488
#
# JRE version:  (17.0.2+8) (build )
# Java VM: Java HotSpot(TM) 64-Bit Server VM (17.0.2+8-LTS-86, mixed mode, sharing, tiered, compressed oops, compressed class ptrs, g1 gc, windows-amd64)
# No core dump will be written. Minidumps are not enabled by default on client versions of Windows
#

---------------  S U M M A R Y ------------

Command Line: -Dnet.bytebuddy.agent.attacher.dump= net.bytebuddy.agent.Attacher com.sun.tools.attach.VirtualMachine 5204 D:\code-dev\apache-maven-3.8.6\repository\net\bytebuddy\byte-buddy-agent\1.14.5\byte-buddy-agent-1.14.5.jar false 

Host: Intel(R) Core(TM) i5-8265U CPU @ 1.60GHz, 8 cores, 7G,  Windows 11 , 64 bit Build 22000 (10.0.22000.2124)
Time: Thu Jul 27 18:42:38 2023  Windows 11 , 64 bit Build 22000 (10.0.22000.2124) elapsed time: 0.016492 seconds (0d 0h 0m 0s)

---------------  T H R E A D  ---------------

Current thread (0x000001a185285f10):  JavaThread "Unknown thread" [_thread_in_vm, id=2488, stack(0x000000836dd00000,0x000000836de00000)]

Stack: [0x000000836dd00000,0x000000836de00000]
Native frames: (J=compiled Java code, j=interpreted, Vv=VM code, C=native code)
V  [jvm.dll+0x670baa]
V  [jvm.dll+0x7cfcb4]
V  [jvm.dll+0x7d145e]
V  [jvm.dll+0x7d1ac3]
V  [jvm.dll+0x242bc5]
V  [jvm.dll+0x66dac9]
V  [jvm.dll+0x662412]
V  [jvm.dll+0x300c0b]
V  [jvm.dll+0x3081a6]
V  [jvm.dll+0x357d0e]
V  [jvm.dll+0x357f3f]
V  [jvm.dll+0x2d7ec8]
V  [jvm.dll+0x2d8e34]
V  [jvm.dll+0x7a18c1]
V  [jvm.dll+0x365a91]
V  [jvm.dll+0x780d2c]
V  [jvm.dll+0x3e845f]
V  [jvm.dll+0x3e9f01]
C  [jli.dll+0x527b]
C  [ucrtbase.dll+0x26c0c]
C  [KERNEL32.DLL+0x155a0]
C  [ntdll.dll+0x485b]


---------------  P R O C E S S  ---------------

Threads class SMR info:
_java_thread_list=0x00007ffc0b3e9858, length=0, elements={
}

Java Threads: ( => current thread )

Other Threads:
  0x000001a1852c4720 GCTaskThread "GC Thread#0" [stack: 0x000000836de00000,0x000000836df00000] [id=11464]
  0x000001a1852d5200 ConcurrentGCThread "G1 Main Marker" [stack: 0x000000836df00000,0x000000836e000000] [id=18792]
  0x000001a1852d73c0 ConcurrentGCThread "G1 Conc#0" [stack: 0x000000836e000000,0x000000836e100000] [id=20040]

[error occurred during error reporting (printing all threads), id 0xc0000005, EXCEPTION_ACCESS_VIOLATION (0xc0000005) at pc=0x00007ffc0ac388a7]

VM state: not at safepoint (not fully initialized)

VM Mutex/Monitor currently owned by a thread:  ([mutex/lock_event])
[0x000001a1852823d0] Heap_lock - owner thread: 0x000001a185285f10

Heap address: 0x0000000082e00000, size: 2002 MB, Compressed Oops mode: 32-bit

CDS archive(s) mapped at: [0x0000000000000000-0x0000000000000000-0x0000000000000000), size 0, SharedBaseAddress: 0x0000000800000000, ArchiveRelocationMode: 0.
Narrow klass base: 0x0000000000000000, Narrow klass shift: 0, Narrow klass range: 0x0

GC Precious Log:
<Empty>

Heap:
 garbage-first heap   total 0K, used 0K [0x0000000082e00000, 0x0000000100000000)
  region size 1024K, 0 young (0K), 0 survivors (0K)

[error occurred during error reporting (printing heap information), id 0xc0000005, EXCEPTION_ACCESS_VIOLATION (0xc0000005) at pc=0x00007ffc0b019f19]

GC Heap History (0 events):
No events

Deoptimization events (0 events):
No events

Classes unloaded (0 events):
No events

Classes redefined (0 events):
No events

Internal exceptions (0 events):
No events

VM Operations (0 events):
No events

Events (1 events):
Event: 0.010 Loaded shared library D:\java-dev-environment\jdk-17.0.2\bin\java.dll


Dynamic libraries:
0x00007ff751b20000 - 0x00007ff751b30000 	D:\java-dev-environment\jdk-17.0.2\bin\java.exe
0x00007ffc7b6e0000 - 0x00007ffc7b8e9000 	C:\WINDOWS\SYSTEM32\ntdll.dll
0x00007ffc7a840000 - 0x00007ffc7a8fe000 	C:\WINDOWS\System32\KERNEL32.DLL
0x00007ffc79080000 - 0x00007ffc79404000 	C:\WINDOWS\System32\KERNELBASE.dll
0x00007ffc79410000 - 0x00007ffc79521000 	C:\WINDOWS\System32\ucrtbase.dll
0x00007ffc666b0000 - 0x00007ffc666ca000 	D:\java-dev-environment\jdk-17.0.2\bin\VCRUNTIME140.dll
0x00007ffc664b0000 - 0x00007ffc664c8000 	D:\java-dev-environment\jdk-17.0.2\bin\jli.dll
0x00007ffc7aae0000 - 0x00007ffc7ab8f000 	C:\WINDOWS\System32\ADVAPI32.dll
0x00007ffc7a5d0000 - 0x00007ffc7a673000 	C:\WINDOWS\System32\msvcrt.dll
0x00007ffc7b4e0000 - 0x00007ffc7b57e000 	C:\WINDOWS\System32\sechost.dll
0x00007ffc7a6f0000 - 0x00007ffc7a811000 	C:\WINDOWS\System32\RPCRT4.dll
0x00007ffc79b30000 - 0x00007ffc79cdd000 	C:\WINDOWS\System32\USER32.dll
0x00007ffc78ec0000 - 0x00007ffc78ee6000 	C:\WINDOWS\System32\win32u.dll
0x00007ffc5dc70000 - 0x00007ffc5df15000 	C:\WINDOWS\WinSxS\amd64_microsoft.windows.common-controls_6595b64144ccf1df_6.0.22000.120_none_9d947278b86cc467\COMCTL32.dll
0x00007ffc79540000 - 0x00007ffc7956a000 	C:\WINDOWS\System32\GDI32.dll
0x00007ffc78ef0000 - 0x00007ffc7900f000 	C:\WINDOWS\System32\gdi32full.dll
0x00007ffc78d60000 - 0x00007ffc78dfd000 	C:\WINDOWS\System32\msvcp_win.dll
0x00007ffc71d80000 - 0x00007ffc71d8a000 	C:\WINDOWS\SYSTEM32\VERSION.dll
0x00007ffc7b660000 - 0x00007ffc7b691000 	C:\WINDOWS\System32\IMM32.DLL
0x00007ffc666a0000 - 0x00007ffc666ac000 	D:\java-dev-environment\jdk-17.0.2\bin\vcruntime140_1.dll
0x00007ffc576c0000 - 0x00007ffc5774d000 	D:\java-dev-environment\jdk-17.0.2\bin\msvcp140.dll
0x00007ffc0a950000 - 0x00007ffc0b511000 	D:\java-dev-environment\jdk-17.0.2\bin\server\jvm.dll
0x00007ffc79960000 - 0x00007ffc79968000 	C:\WINDOWS\System32\PSAPI.DLL
0x00007ffc73490000 - 0x00007ffc734c3000 	C:\WINDOWS\SYSTEM32\WINMM.dll
0x00007ffc752d0000 - 0x00007ffc752d9000 	C:\WINDOWS\SYSTEM32\WSOCK32.dll
0x00007ffc79ce0000 - 0x00007ffc79d4f000 	C:\WINDOWS\System32\WS2_32.dll
0x00007ffc77c80000 - 0x00007ffc77c98000 	C:\WINDOWS\SYSTEM32\kernel.appcore.dll
0x00007ffc664a0000 - 0x00007ffc664aa000 	D:\java-dev-environment\jdk-17.0.2\bin\jimage.dll
0x00007ffc713a0000 - 0x00007ffc715c1000 	C:\WINDOWS\SYSTEM32\DBGHELP.DLL
0x00007ffc58b80000 - 0x00007ffc58bb1000 	C:\WINDOWS\SYSTEM32\dbgcore.DLL
0x00007ffc78b70000 - 0x00007ffc78bef000 	C:\WINDOWS\System32\bcryptPrimitives.dll
0x00007ffc65fe0000 - 0x00007ffc66005000 	D:\java-dev-environment\jdk-17.0.2\bin\java.dll

dbghelp: loaded successfully - version: 4.0.5 - missing functions: none
symbol engine: initialized successfully - sym options: 0x614 - pdb path: .;D:\java-dev-environment\jdk-17.0.2\bin;C:\WINDOWS\SYSTEM32;C:\WINDOWS\WinSxS\amd64_microsoft.windows.common-controls_6595b64144ccf1df_6.0.22000.120_none_9d947278b86cc467;D:\java-dev-environment\jdk-17.0.2\bin\server

VM Arguments:
jvm_args: -Dnet.bytebuddy.agent.attacher.dump= 
java_command: net.bytebuddy.agent.Attacher com.sun.tools.attach.VirtualMachine 5204 D:\code-dev\apache-maven-3.8.6\repository\net\bytebuddy\byte-buddy-agent\1.14.5\byte-buddy-agent-1.14.5.jar false 
java_class_path (initial): D:\code-dev\apache-maven-3.8.6\repository\net\bytebuddy\byte-buddy-agent\1.14.5\byte-buddy-agent-1.14.5.jar
Launcher Type: SUN_STANDARD

[Global flags]
     intx CICompilerCount                          = 4                                         {product} {ergonomic}
     uint ConcGCThreads                            = 2                                         {product} {ergonomic}
     uint G1ConcRefinementThreads                  = 8                                         {product} {ergonomic}
   size_t G1HeapRegionSize                         = 1048576                                   {product} {ergonomic}
    uintx GCDrainStackTargetSize                   = 64                                        {product} {ergonomic}
   size_t InitialHeapSize                          = 132120576                                 {product} {ergonomic}
   size_t MarkStackSize                            = 4194304                                   {product} {ergonomic}
   size_t MaxHeapSize                              = 2099249152                                {product} {ergonomic}
   size_t MinHeapDeltaBytes                        = 1048576                                   {product} {ergonomic}
   size_t MinHeapSize                              = 8388608                                   {product} {ergonomic}
    uintx NonNMethodCodeHeapSize                   = 5839372                                {pd product} {ergonomic}
    uintx NonProfiledCodeHeapSize                  = 122909434                              {pd product} {ergonomic}
    uintx ProfiledCodeHeapSize                     = 122909434                              {pd product} {ergonomic}
    uintx ReservedCodeCacheSize                    = 251658240                              {pd product} {ergonomic}
     bool SegmentedCodeCache                       = true                                      {product} {ergonomic}
   size_t SoftMaxHeapSize                          = 2099249152                             {manageable} {ergonomic}
     bool UseCompressedClassPointers               = true                           {product lp64_product} {ergonomic}
     bool UseCompressedOops                        = true                           {product lp64_product} {ergonomic}
     bool UseG1GC                                  = true                                      {product} {ergonomic}
     bool UseLargePagesIndividualAllocation        = false                                  {pd product} {ergonomic}

Logging:
Log output configuration:
 #0: stdout all=warning uptime,level,tags
 #1: stderr all=off uptime,level,tags

Environment Variables:
JAVA_HOME=D:\java-dev-environment\jdk-17.0.2
PATH=D:\code-tools\VMware\VMware Workstation\bin\;D:\Python 3.10\Scripts\;D:\Python 3.10\;C:\WINDOWS\system32;C:\WINDOWS;C:\WINDOWS\System32\Wbem;C:\WINDOWS\System32\WindowsPowerShell\v1.0\;C:\WINDOWS\System32\OpenSSH\;D:\java-dev-environment\jdk-17.0.2\bin;C:\Program Files\dotnet\;D:\Rose 2007\common;D:\code-dev\apache-tomcat-9.0.62\bin;D:\code-dev\apache-maven-3.8.6\bin;D:\code-dev\nodejs16.16.0\;D:\other-software\wkhtmltox\bin;C:\Users\23578\AppData\Roaming\npm;D:\code-db\MySQL-8.0.29\bin;D:\code-db\redis;D:\code-db\elasticsearch-7.17.4\bin;D:\code-tools\Git\cmd;D:\code-tools\wkhtmltopdf\bin;D:\code-tools\MinGw\bin;D:\code-tools\Android\sdk\tools;F:\Program Files (x86)\OpenSSL-Win64\bin;D:\course-office-software\GnuWin32\bin;C:\Program Files (x86)\NVIDIA Corporation\PhysX\Common;C:\Program Files\NVIDIA Corporation\NVIDIA NvDLISR;D:\code-dev\go1.20.6\bin;D:\code-dev\go1.17\bin;C:\Users\23578\AppData\Local\Microsoft\WindowsApps;D:\Fidder\Fiddler;C:\Users\23578\AppData\Local\Microsoft\WindowsApps;%WebStorm%;%IntelliJ IDEA Community Edition%;C:\Program Files\MySQL\MySQL Server 8.0\bin;D:\Microsoft VS Code\bin;D:\Program Files\nodejs\node_global;C:\Users\23578\go\bin
USERNAME=admin
OS=Windows_NT
PROCESSOR_IDENTIFIER=Intel64 Family 6 Model 142 Stepping 11, GenuineIntel



---------------  S Y S T E M  ---------------

OS:
 Windows 11 , 64 bit Build 22000 (10.0.22000.2124)
OS uptime: 8 days 7:33 hours
Hyper-V role detected

CPU: total 8 (initial active 8) (4 cores per cpu, 2 threads per core) family 6 model 142 stepping 11 microcode 0xde, cx8, cmov, fxsr, ht, mmx, 3dnowpref, sse, sse2, sse3, ssse3, sse4.1, sse4.2, popcnt, lzcnt, tsc, tscinvbit, avx, avx2, aes, erms, clmul, bmi1, bmi2, adx, fma, vzeroupper, clflush, clflushopt, hv

Memory: 4k page, system-wide physical 8006M (339M free)
TotalPageFile size 21290M (AvailPageFile size 8M)
current process WorkingSet (physical memory assigned to process): 10M, peak: 10M
current process commit charge ("private bytes"): 60M, peak: 186M

vm_info: Java HotSpot(TM) 64-Bit Server VM (17.0.2+8-LTS-86) for windows-amd64 JRE (17.0.2+8-LTS-86), built on Dec  7 2021 21:51:03 by "mach5one" with MS VC++ 16.8 / 16.9 (VS2019)

END.
